<?xml version="1.0" encoding="UTF-8"?>
<!-- Generated by org.testng.reporters.JUnitReportReporter -->
<testsuite hostname="KARTIK-SHARMA" failures="0" tests="3" name="com.testRunner.TestRunnerForCucumber" time="12.652" errors="1" timestamp="2025-03-12T14:41:16 IST" skipped="0">
  <testcase classname="com.testRunner.TestRunnerForCucumber" name="runScenario" time="0.033">
    <error message="Cannot invoke &quot;org.openqa.selenium.WebDriver.findElement(org.openqa.selenium.By)&quot; because &quot;this.driver&quot; is null" type="java.lang.NullPointerException">
      <![CDATA[java.lang.NullPointerException: Cannot invoke "org.openqa.selenium.WebDriver.findElement(org.openqa.selenium.By)" because "this.driver" is null
at com.stepDefinition.addToCartStep.click_on_the_add_to_cart_icon(addToCartStep.java:61)
at ✽.click on the add to cart icon(file:///C:/Users/10000/eclipse-workspace/BookCart-Automation-ByCucumber/src/test/resources/AllFeaturesfile/AddToCart.feature:12)
]]>
    </error>
  </testcase> <!-- runScenario -->
  <testcase classname="com.testRunner.TestRunnerForCucumber" name="runScenario" time="6.808"/>
  <testcase classname="com.testRunner.TestRunnerForCucumber" name="runScenario" time="5.811"/>
</testsuite> <!-- com.testRunner.TestRunnerForCucumber -->
