<?xml version="1.0" encoding="UTF-8"?>
<!-- Generated by org.testng.reporters.JUnitXMLReporter -->
<testsuite ignored="0" hostname="KARTIK-SHARMA" failures="1" tests="3" name="Default test" time="13.09" errors="0" timestamp="2025-03-12T14:41:15 IST">
  <testcase classname="io.cucumber.testng.AbstractTestNGCucumberTests" name="runScenario" time="5.811"/>
  <testcase classname="io.cucumber.testng.AbstractTestNGCucumberTests" name="runScenario" time="0.033">
    <failure type="java.lang.NullPointerException" message="Cannot invoke &amp;quot;org.openqa.selenium.WebDriver.findElement(org.openqa.selenium.By)&amp;quot; because &amp;quot;this.driver&amp;quot; is null">
      <![CDATA[java.lang.NullPointerException: Cannot invoke "org.openqa.selenium.WebDriver.findElement(org.openqa.selenium.By)" because "this.driver" is null
at com.stepDefinition.addToCartStep.click_on_the_add_to_cart_icon(addToCartStep.java:61)
at ✽.click on the add to cart icon(file:///C:/Users/10000/eclipse-workspace/BookCart-Automation-ByCucumber/src/test/resources/AllFeaturesfile/AddToCart.feature:12)
]]>
    </failure>
  </testcase> <!-- runScenario -->
  <testcase classname="io.cucumber.testng.AbstractTestNGCucumberTests" name="runScenario" time="6.808"/>
</testsuite> <!-- Default test -->
